[2026-01-10T02:24:39.634Z] Error processing URL: https://www.google.com/recaptcha/api2/aframe
TypeError: Failed to fetch
    at chrome-extension://deifknnbjkpchacoigdmcleejjjcidao/panel.js:162:44
    at Array.map (<anonymous>)
    at HTMLButtonElement.<anonymous> (chrome-extension://deifknnbjkpchacoigdmcleejjjcidao/panel.js:102:38)

[2026-01-10T02:24:39.830Z] Error processing URL: https://ep2.adtrafficquality.google/generate_204?L-x-hQ
TypeError: Failed to fetch
    at chrome-extension://deifknnbjkpchacoigdmcleejjjcidao/panel.js:162:44
    at Array.map (<anonymous>)
    at HTMLButtonElement.<anonymous> (chrome-extension://deifknnbjkpchacoigdmcleejjjcidao/panel.js:102:38)

[2026-01-10T02:24:39.930Z] Error processing URL: https://ep1.adtrafficquality.google/pagead/sodar?id=sodar2&v=237&t=2&li=gda_r20260107&jk=2982481311791578&bg=!iomlicbNAAZjEgz9QxI7ADQBe5WfOO0SO1BCu8iiQPs4JIFph33d0V34TsrhfSTARdKuSqAsOScChfX1vdsdbg-oZOpRAgAABaNSAAAATWgBB34AN-Pr1mSoc9MHmXLpsAMMRObghAINmvB9u4_BQ-PfHmIPr2PgixSkAwlrHLUgZtEEuAsAD3YnThIKADsl2wrJ6gU08GtbVaXbINmkJS6mSoXXDy1QSiUlo1xNtespURYJ3Mw7zCXm_fQOqcidUAr1GsnOFvqBX5kCj3sLEXf5F4wBq6cOeLv6mlrV1fCXQHmhoEW5x5L-KUdkACz5F-Gcg2t4tBSB0hENW-4Oqx95WuL4byBj7hM77U_ryb2Or7wS7qcs876zohzI3bsggQx-8iLEUUz5rdu7o3Rk-0aqFF1hgAyrOvSjfQt753OmiyNgUU0weL41kAfcZZx35YXbv6ouJ-K3GrFmOUFj3Rd7zGHxpORn5YjIOP0fWOFtkJkeTic002AK5kjXY4gAwl47I_v8tDsLoYFPgB_YmdH4kqm2X3p6K80iQtOO7JXbJqOXynaabOldxrN1cA1HUg9fAmYJfpXsqKmJBxaozrWAc7iluU1Wj5oVmHRhyOjXr5_Dr2aFmFkHHGwsT2OSLJ-sAua85iPqb3ttiH6GePw00Lg1BshPpZ9VbQmOYCZWig13BhqZUiqBLxXUru2jNI1cU-AnzNPXSwM3c96gBLweHGYXj8Ai7E5t9Vtjs4aWXtcwaoL-UDoxEW50lKZ9pQjEpm1a76VtxAxoDbF4FmxLoGlNBVzTz83u7zOD7cL2xhNat1mgGjf7Jl4xdk4uAm6WGGJU86fbwXXyOtXYa5bDRWvCsSMcB9PRROj17u_f2-HFooUtSJ_sJnnZhfALR0dj4oHq0XiUIkZ9bB4pXJAE8tExXEoQz2jjrgzNMNn47E_101_MNthdSEgdwVDmsHovGhgvpm58LZF9pbfYZaU3L7hs1PyKbxFCNwTvB67Anbvdjrm-d-dqQlGjPFhg50iMP2GtlR60YB23jcUUcdFxblLMAG3vTQruL2J-AAcDjjD09qgWBYt5wIkDqD_3Dz-a4ckmWqAL4jOCpwMRpTzEYo7rG2IpzwZ1skzORhtJylbk2Ah48YK5WgA
TypeError: Failed to fetch
    at chrome-extension://deifknnbjkpchacoigdmcleejjjcidao/panel.js:162:44
    at Array.map (<anonymous>)
    at HTMLButtonElement.<anonymous> (chrome-extension://deifknnbjkpchacoigdmcleejjjcidao/panel.js:102:38)

[2026-01-10T02:24:39.962Z] Error processing URL: https://googleads.g.doubleclick.net/pagead/ads?client=ca-pub-123&output=html&adk=1812271804&adf=3025194257&lmt=1737103661&plat=3%3A65536%2C4%3A65536%2C9%3A32776%2C16%3A8388608%2C17%3A32%2C24%3A32%2C25%3A32%2C30%3A1048576%2C32%3A32%2C41%3A32%2C42%3A32%2C43%3A32&format=0x0&url=https%3A%2F%2Fwww.autistici.org%2Fburnedprojects%2FUNDERTALE%2F&pra=5&asro=0&aiapm=0.1542&aiapmd=0.1423&aiapmi=0.16&aiapmid=1&aiact=0.5423&aiactd=0.7&aicct=0.7&aicctd=0.5799&ailct=0.5849&ailctd=0.65&aimart=4&aimartd=4&aieuf=1&aicrs=1&uach=WyJXaW5kb3dzIiwiMTAuMC4wIiwieDg2IiwiIiwiMTQzLjAuNzQ5OS4xNzAiLG51bGwsMCxudWxsLCI2NCIsW1siR29vZ2xlIENocm9tZSIsIjE0My4wLjc0OTkuMTcwIl0sWyJDaHJvbWl1bSIsIjE0My4wLjc0OTkuMTcwIl0sWyJOb3QgQShCcmFuZCIsIjI0LjAuMC4wIl1dLDBd&abgtt=1&dt=1768011813649&bpp=5&bdt=126&idt=68&shv=r20260107&mjsv=m202601060101&ptt=9&saldr=aa&abxe=1&cookie_enabled=1&eoidce=1&nras=1&correlator=2862840495529&frm=20&pv=2&u_tz=420&u_his=2&u_h=900&u_w=1600&u_ah=860&u_aw=1600&u_cd=24&u_sd=2&dmc=8&adx=-12245933&ady=-12245933&biw=1045&bih=739&scr_x=0&scr_y=0&eid=31093850%2C31096101%2C95376583%2C95379213%2C95380025&oid=2&pvsid=2982481311791578&tmod=1101286149&uas=0&nvt=2&fsapi=1&fc=1920&brdim=0%2C0%2C0%2C0%2C1600%2C0%2C1600%2C860%2C1045%2C739&vis=1&rsz=%7C%7Cs%7C&abl=NS&fu=32768&bc=31&bz=1.53&ifi=1&uci=a!1&fsb=1&dtd=108
TypeError: Failed to fetch
    at chrome-extension://deifknnbjkpchacoigdmcleejjjcidao/panel.js:162:44
    at Array.map (<anonymous>)
    at HTMLButtonElement.<anonymous> (chrome-extension://deifknnbjkpchacoigdmcleejjjcidao/panel.js:102:38)

[2026-01-10T02:24:39.980Z] Error processing URL: https://pagead2.googlesyndication.com/pagead/sodar?id=sodar2&v=237&li=gda_r20260107&jk=2982481311791578&rc=
TypeError: Failed to fetch
    at chrome-extension://deifknnbjkpchacoigdmcleejjjcidao/panel.js:162:44
    at Array.map (<anonymous>)
    at HTMLButtonElement.<anonymous> (chrome-extension://deifknnbjkpchacoigdmcleejjjcidao/panel.js:102:38)

[2026-01-10T02:24:40.578Z] Error processing URL: https://www.autistici.org/burnedprojects/UNDERTALE/favicon.png
TypeError: Failed to fetch
    at chrome-extension://deifknnbjkpchacoigdmcleejjjcidao/panel.js:162:44
    at Array.map (<anonymous>)
    at HTMLButtonElement.<anonymous> (chrome-extension://deifknnbjkpchacoigdmcleejjjcidao/panel.js:102:38)

[2026-01-10T02:24:40.802Z] Error processing URL: https://www.autistici.org/burnedprojects/UNDERTALE/runner.wasm
TypeError: Failed to fetch
    at chrome-extension://deifknnbjkpchacoigdmcleejjjcidao/panel.js:162:44
    at Array.map (<anonymous>)
    at HTMLButtonElement.<anonymous> (chrome-extension://deifknnbjkpchacoigdmcleejjjcidao/panel.js:102:38)

[2026-01-10T02:24:42.371Z] Error processing URL: https://www.autistici.org/burnedprojects/UNDERTALE/game.unx
TypeError: Failed to fetch
    at chrome-extension://deifknnbjkpchacoigdmcleejjjcidao/panel.js:162:44
    at Array.map (<anonymous>)
    at HTMLButtonElement.<anonymous> (chrome-extension://deifknnbjkpchacoigdmcleejjjcidao/panel.js:102:38)

[2026-01-10T02:24:42.372Z] Error processing URL: https://www.autistici.org/burnedprojects/UNDERTALE/runner.data
TypeError: Failed to fetch
    at chrome-extension://deifknnbjkpchacoigdmcleejjjcidao/panel.js:162:44
    at Array.map (<anonymous>)
    at HTMLButtonElement.<anonymous> (chrome-extension://deifknnbjkpchacoigdmcleejjjcidao/panel.js:102:38)
