[2026-01-17T12:45:00.622Z] Error processing URL: https://lh3.googleusercontent.com/I2As7WwDK3A9zL5WDOhAvRvlg-26Efe58cWcW_prclgcTwvgew0MatntaBfayc5nr99_Bg8jLKBgmDzUP9Mt7H1IJg
TypeError: Failed to fetch
    at chrome-extension://deifknnbjkpchacoigdmcleejjjcidao/panel.js:162:44
    at Array.map (<anonymous>)
    at HTMLButtonElement.<anonymous> (chrome-extension://deifknnbjkpchacoigdmcleejjjcidao/panel.js:102:38)

[2026-01-17T12:45:00.628Z] Error processing URL: https://lh3.googleusercontent.com/RI-RLYMrCK7AcJ_BiCZSqCq-uJoLGOZxjNgbhuS5V02aJgttYKDfeJSQekVNonjiaBINYjmx5fIA_htQvbXZpfcc-w=s60
TypeError: Failed to fetch
    at chrome-extension://deifknnbjkpchacoigdmcleejjjcidao/panel.js:162:44
    at Array.map (<anonymous>)
    at HTMLButtonElement.<anonymous> (chrome-extension://deifknnbjkpchacoigdmcleejjjcidao/panel.js:102:38)

[2026-01-17T12:45:00.630Z] Error processing URL: https://lh3.googleusercontent.com/ervKboSYwet1X2wvYFFkpo3fJFzEL8JXOuVNlzxI43wHGrYayVI0GbC0-6wBwG4iHvpZ5xTGvnmHsV7S7Tin_FNRDA=s120
TypeError: Failed to fetch
    at chrome-extension://deifknnbjkpchacoigdmcleejjjcidao/panel.js:162:44
    at Array.map (<anonymous>)
    at HTMLButtonElement.<anonymous> (chrome-extension://deifknnbjkpchacoigdmcleejjjcidao/panel.js:102:38)

[2026-01-17T12:45:00.667Z] Error processing URL: https://lh3.googleusercontent.com/V-JDXkLHP6OFeSqW6Py3Z1DbGUrGPshSJdgt8ToXWYAoKdyXVPxT1b_hqJf8Hg4SS1ZvMZK6RyxnyNt3UXKuuZok=s60
TypeError: Failed to fetch
    at chrome-extension://deifknnbjkpchacoigdmcleejjjcidao/panel.js:162:44
    at Array.map (<anonymous>)
    at HTMLButtonElement.<anonymous> (chrome-extension://deifknnbjkpchacoigdmcleejjjcidao/panel.js:102:38)

[2026-01-17T12:45:00.669Z] Error processing URL: https://lh3.googleusercontent.com/Pk717OoshMT2IiQs8Gpx7he8EheFOII6UKwFRYDY_KNoaKN35XsIBU9_BgUDhZgvyUGQ2wrjoRQ8nD28dOSseVL-1A=s60
TypeError: Failed to fetch
    at chrome-extension://deifknnbjkpchacoigdmcleejjjcidao/panel.js:162:44
    at Array.map (<anonymous>)
    at HTMLButtonElement.<anonymous> (chrome-extension://deifknnbjkpchacoigdmcleejjjcidao/panel.js:102:38)

[2026-01-17T12:45:00.672Z] Error processing URL: https://lh3.googleusercontent.com/zaFZuivjaV3VaC8kLZO4HaS2JnnnPY_Zl7vBT8EIax8gnrWaYxP25jh7E2oPGAy_8G7xHEP3NCZomStqgkPdtvT-fA=s60
TypeError: Failed to fetch
    at chrome-extension://deifknnbjkpchacoigdmcleejjjcidao/panel.js:162:44
    at Array.map (<anonymous>)
    at HTMLButtonElement.<anonymous> (chrome-extension://deifknnbjkpchacoigdmcleejjjcidao/panel.js:102:38)

[2026-01-17T12:45:00.675Z] Error processing URL: https://lh3.googleusercontent.com/RrqTiWhnbz_MSgp3YUQujtAHGQXTa_3iApTxEj7zzShDuRnLCal1dJ0rK8qrKMBoHAlA5MVc-Pydod57_IxL9tpjEYI=s60
TypeError: Failed to fetch
    at chrome-extension://deifknnbjkpchacoigdmcleejjjcidao/panel.js:162:44
    at Array.map (<anonymous>)
    at HTMLButtonElement.<anonymous> (chrome-extension://deifknnbjkpchacoigdmcleejjjcidao/panel.js:102:38)

[2026-01-17T12:45:00.678Z] Error processing URL: https://lh3.googleusercontent.com/u7Cj8iGu2nbpt1MRge2xIdod7o-BRObXpprLyqEvIuLlj8Jy1V6qAIKyWJc78TQIQzzw4khn_azNImWo7E8hqTs0=s60
TypeError: Failed to fetch
    at chrome-extension://deifknnbjkpchacoigdmcleejjjcidao/panel.js:162:44
    at Array.map (<anonymous>)
    at HTMLButtonElement.<anonymous> (chrome-extension://deifknnbjkpchacoigdmcleejjjcidao/panel.js:102:38)

[2026-01-17T12:45:00.680Z] Error processing URL: https://lh3.googleusercontent.com/6XAFCbc488sQ37rqRZA32TON_Jl1D4F8JAkY3bAa22z3YcjYfdji2iEMI70PIDhMJ8ZzyjQRj639Cln2Wk3alNXFMQ=s60
TypeError: Failed to fetch
    at chrome-extension://deifknnbjkpchacoigdmcleejjjcidao/panel.js:162:44
    at Array.map (<anonymous>)
    at HTMLButtonElement.<anonymous> (chrome-extension://deifknnbjkpchacoigdmcleejjjcidao/panel.js:102:38)

[2026-01-17T12:45:00.682Z] Error processing URL: https://lh3.googleusercontent.com/kcLanDJig1YZotCQ2TvYeV0HO_QltVJ35Gy8Noh3azWipBv3BX2b0MZkXe-1CfSb0mwlc5UF73h8uuDi8X6k0wwKhQ=s60
TypeError: Failed to fetch
    at chrome-extension://deifknnbjkpchacoigdmcleejjjcidao/panel.js:162:44
    at Array.map (<anonymous>)
    at HTMLButtonElement.<anonymous> (chrome-extension://deifknnbjkpchacoigdmcleejjjcidao/panel.js:102:38)

[2026-01-17T12:45:00.683Z] Error processing URL: https://lh3.googleusercontent.com/1e8qfHo3Nyvf7-f3sqiXCwO__xbTvHeXuJVX_7B_j-KguNbMG6ArRlM-9G5ynuBXydgcRHWYvVD9f5BatRhnykpE=s60
TypeError: Failed to fetch
    at chrome-extension://deifknnbjkpchacoigdmcleejjjcidao/panel.js:162:44
    at Array.map (<anonymous>)
    at HTMLButtonElement.<anonymous> (chrome-extension://deifknnbjkpchacoigdmcleejjjcidao/panel.js:102:38)

[2026-01-17T12:45:00.697Z] Error processing URL: https://lh3.googleusercontent.com/NRwK4P2YlJIv08R14JAjDpdrROtEe7BJAXwQ5Gz5jBybBpnDwOirwwkUFP5_Uzn1bCRtZykjySm1v0LjJz7uDdxFnQ=s60
TypeError: Failed to fetch
    at chrome-extension://deifknnbjkpchacoigdmcleejjjcidao/panel.js:162:44
    at Array.map (<anonymous>)
    at HTMLButtonElement.<anonymous> (chrome-extension://deifknnbjkpchacoigdmcleejjjcidao/panel.js:102:38)

[2026-01-17T12:45:00.699Z] Error processing URL: https://lh3.googleusercontent.com/8jCa3CsqyW78IuVt-tzEL1qZsP63EG0VPFTu6z1to760WF43Wo9KZNy7x8bT9kfKNQFIyCiAan-CrmHkGtj_ELghEw=s60
TypeError: Failed to fetch
    at chrome-extension://deifknnbjkpchacoigdmcleejjjcidao/panel.js:162:44
    at Array.map (<anonymous>)
    at HTMLButtonElement.<anonymous> (chrome-extension://deifknnbjkpchacoigdmcleejjjcidao/panel.js:102:38)

[2026-01-17T12:45:00.700Z] Error processing URL: https://lh3.googleusercontent.com/A1CVYeiOYHP-CpX-xscNnOYaD68bTDsBvSp41gHY6u-RMyvtOAoIQkSe4nYrl1ESAXLQl-MHiTPwDRwbER72mSIe=s60
TypeError: Failed to fetch
    at chrome-extension://deifknnbjkpchacoigdmcleejjjcidao/panel.js:162:44
    at Array.map (<anonymous>)
    at HTMLButtonElement.<anonymous> (chrome-extension://deifknnbjkpchacoigdmcleejjjcidao/panel.js:102:38)

[2026-01-17T12:45:00.702Z] Error processing URL: https://lh3.googleusercontent.com/U0DwVZnvDDmgAinf5wvG9hUWcgTztx7zzjXxGvk2ZtOa7UW0b1qbXPviQq3IulEHStXdyG4DzUAOJmDjvZ5Yy5cplA=s60
TypeError: Failed to fetch
    at chrome-extension://deifknnbjkpchacoigdmcleejjjcidao/panel.js:162:44
    at Array.map (<anonymous>)
    at HTMLButtonElement.<anonymous> (chrome-extension://deifknnbjkpchacoigdmcleejjjcidao/panel.js:102:38)

[2026-01-17T12:45:00.849Z] Error processing URL: https://lh3.googleusercontent.com/EzJk8yNQKE8w-M_ObatrKLBCvOVV3AuCJ-nqmtX42XoetWTMcVyoGwhD8p2BTFfxrruSfGNG252Zm_FNfghYSrQY=s60
TypeError: Failed to fetch
    at chrome-extension://deifknnbjkpchacoigdmcleejjjcidao/panel.js:162:44
    at Array.map (<anonymous>)
    at HTMLButtonElement.<anonymous> (chrome-extension://deifknnbjkpchacoigdmcleejjjcidao/panel.js:102:38)

[2026-01-17T12:45:00.852Z] Error processing URL: https://lh3.googleusercontent.com/qlSbMmkMjnIrUP_H6NPTDh586hTL2GLLolVjt6YY7HszbeHrfcsQJsSYD5Mb0-GQwRu9qFkRmvGiKJ5YSsb7KDs9hw=s60
TypeError: Failed to fetch
    at chrome-extension://deifknnbjkpchacoigdmcleejjjcidao/panel.js:162:44
    at Array.map (<anonymous>)
    at HTMLButtonElement.<anonymous> (chrome-extension://deifknnbjkpchacoigdmcleejjjcidao/panel.js:102:38)

[2026-01-17T12:45:00.921Z] Error processing URL: https://lh3.googleusercontent.com/PCr-nq_15hjDNjuA5g9atstvXfJn4epdt56rtrcVi4VEVZbna-hNDOV1sHzTGi64cScpweDnmFVRI7S2ZagyYWGLB4k=s60
TypeError: Failed to fetch
    at chrome-extension://deifknnbjkpchacoigdmcleejjjcidao/panel.js:162:44
    at Array.map (<anonymous>)
    at HTMLButtonElement.<anonymous> (chrome-extension://deifknnbjkpchacoigdmcleejjjcidao/panel.js:102:38)

[2026-01-17T12:45:00.939Z] Error processing URL: https://lh3.googleusercontent.com/i0fVMSdHigyktkc6nBx_A9sFNdjSo-FomWAN12QMwEWoOKbGEb39pkvUw2ToXauiva94R6wt_bfPKDE_migNopiIKk4=s60
TypeError: Failed to fetch
    at chrome-extension://deifknnbjkpchacoigdmcleejjjcidao/panel.js:162:44
    at Array.map (<anonymous>)
    at HTMLButtonElement.<anonymous> (chrome-extension://deifknnbjkpchacoigdmcleejjjcidao/panel.js:102:38)

[2026-01-17T12:45:01.087Z] Error processing URL: https://lh3.googleusercontent.com/zFDnFbLiv6eByJ3LbvloS6GdW-7mOpan7ocOccEbxYSNJhhtfnVOwiebpf8Ft43uqOc4uUW9SWPMDdRmvB7lOfrYBg=s60
TypeError: Failed to fetch
    at chrome-extension://deifknnbjkpchacoigdmcleejjjcidao/panel.js:162:44
    at Array.map (<anonymous>)
    at HTMLButtonElement.<anonymous> (chrome-extension://deifknnbjkpchacoigdmcleejjjcidao/panel.js:102:38)

[2026-01-17T12:45:01.090Z] Error processing URL: https://lh3.googleusercontent.com/PZlDn-IL8L8GbNpKRtoNy1kqrrrGntCoJVt-FgnTA9uyzw0nxutkwUGjl4QoawPuNTai9S1pKNhi7uakRNy6ABU9DQ=s60
TypeError: Failed to fetch
    at chrome-extension://deifknnbjkpchacoigdmcleejjjcidao/panel.js:162:44
    at Array.map (<anonymous>)
    at HTMLButtonElement.<anonymous> (chrome-extension://deifknnbjkpchacoigdmcleejjjcidao/panel.js:102:38)

[2026-01-17T12:45:01.092Z] Error processing URL: https://lh3.googleusercontent.com/6L1jQuVM9fGI_a80y135mKWQmyUB28jA5MsSOj7hDcmJeDiPWS3TfHA3oRxJscYMO6NRugSV5JAe9ppKmjCAo2CN=s60
TypeError: Failed to fetch
    at chrome-extension://deifknnbjkpchacoigdmcleejjjcidao/panel.js:162:44
    at Array.map (<anonymous>)
    at HTMLButtonElement.<anonymous> (chrome-extension://deifknnbjkpchacoigdmcleejjjcidao/panel.js:102:38)

[2026-01-17T12:45:01.095Z] Error processing URL: https://lh3.googleusercontent.com/gm8Uu8gxlV4H7KgpmxbuUs5lJ1wPoolDe_6wTDbp_TCOvvq_tPiujtmF5jTzynIsiHH5nkmE0dplINhBtBa0Ju6QXw=s60
TypeError: Failed to fetch
    at chrome-extension://deifknnbjkpchacoigdmcleejjjcidao/panel.js:162:44
    at Array.map (<anonymous>)
    at HTMLButtonElement.<anonymous> (chrome-extension://deifknnbjkpchacoigdmcleejjjcidao/panel.js:102:38)

[2026-01-17T12:45:01.767Z] Fetch failed: 304
Unknown error

[2026-01-17T12:45:01.774Z] Fetch failed (304) for https://truffled.lol/404
Unknown error
